
SQL*Loader: Release 12.2.0.1.0 - Production on Wed Aug 16 09:38:32 2017

Copyright (c) 1982, 2017, Oracle and/or its affiliates.  All rights reserved.

Control File:   .\CTL\ABBR.ctl
Data File:      .\ABBR.dsv
  Bad File:     .\BAD\ABBR.bad
  Discard File: .\DIS\ABBR.dis 
 (Allow all discards)

Number to load: ALL
Number to skip: 1
Errors allowed: 50
Bind array:     64 rows, maximum of 256000 bytes
Continuation:    none specified
Path used:      Conventional

Table MOTOR_ABBR, loaded from every logical record.
Insert option in effect for this table: REPLACE
TRAILING NULLCOLS option in effect

   Column Name                  Position   Len  Term Encl Datatype
------------------------------ ---------- ----- ---- ---- ---------------------
"ABBREV"                            FIRST  4000   |  O(") CHARACTER            
                                                      O(")
"DEFINITION"                         NEXT  4000   |  O(") CHARACTER            
                                                      O(")

value used for ROWS parameter changed from 64 to 31

Table MOTOR_ABBR:
  514 Rows successfully loaded.
  0 Rows not loaded due to data errors.
  0 Rows not loaded because all WHEN clauses were failed.
  0 Rows not loaded because all fields were null.


Space allocated for bind array:                 248124 bytes(31 rows)
Read   buffer bytes: 1048576

Total logical records skipped:          1
Total logical records read:           514
Total logical records rejected:         0
Total logical records discarded:        0

Run began on Wed Aug 16 09:38:32 2017
Run ended on Wed Aug 16 09:38:35 2017

Elapsed time was:     00:00:02.60
CPU time was:         00:00:00.97
