
SQL*Loader: Release 12.2.0.1.0 - Production on Wed Aug 16 09:38:35 2017

Copyright (c) 1982, 2017, Oracle and/or its affiliates.  All rights reserved.

Control File:   .\CTL\BEARADJ.ctl
Data File:      .\BEARADJ.dsv
  Bad File:     .\BAD\BEARADJ.bad
  Discard File: .\DIS\BEARADJ.dis 
 (Allow all discards)

Number to load: ALL
Number to skip: 1
Errors allowed: 50
Bind array:     64 rows, maximum of 256000 bytes
Continuation:    none specified
Path used:      Conventional

Table MOTOR_BEARADJ, loaded from every logical record.
Insert option in effect for this table: REPLACE
TRAILING NULLCOLS option in effect

   Column Name                  Position   Len  Term Encl Datatype
------------------------------ ---------- ----- ---- ---- ---------------------
"CODE"                              FIRST  4000   |  O(") CHARACTER            
                                                      O(")
"LN"                                 NEXT  4000   |  O(") CHARACTER            
                                                      O(")
"PROCEDURE"                          NEXT  4000   |  O(") CHARACTER            
                                                      O(")

value used for ROWS parameter changed from 64 to 21

Table MOTOR_BEARADJ:
  127 Rows successfully loaded.
  0 Rows not loaded due to data errors.
  0 Rows not loaded because all WHEN clauses were failed.
  0 Rows not loaded because all fields were null.


Space allocated for bind array:                 252126 bytes(21 rows)
Read   buffer bytes: 1048576

Total logical records skipped:          1
Total logical records read:           127
Total logical records rejected:         0
Total logical records discarded:        0

Run began on Wed Aug 16 09:38:35 2017
Run ended on Wed Aug 16 09:38:36 2017

Elapsed time was:     00:00:00.92
CPU time was:         00:00:00.84
