
SQL*Loader: Release 12.2.0.1.0 - Production on Wed Aug 16 09:38:38 2017

Copyright (c) 1982, 2017, Oracle and/or its affiliates.  All rights reserved.

Control File:   .\CTL\CALIPER.ctl
Data File:      .\CALIPER.dsv
  Bad File:     .\BAD\CALIPER.bad
  Discard File: .\DIS\CALIPER.dis 
 (Allow all discards)

Number to load: ALL
Number to skip: 1
Errors allowed: 50
Bind array:     64 rows, maximum of 256000 bytes
Continuation:    none specified
Path used:      Conventional

Table MOTOR_CALIPER, loaded from every logical record.
Insert option in effect for this table: REPLACE
TRAILING NULLCOLS option in effect

   Column Name                  Position   Len  Term Encl Datatype
------------------------------ ---------- ----- ---- ---- ---------------------
RECNO                               FIRST  4000   |  O(") CHARACTER            
                                                      O(")
SUBMOD                               NEXT  4000   |  O(") CHARACTER            
                                                      O(")
APPL                                 NEXT  4000   |  O(") CHARACTER            
                                                      O(")
FTORQ                                NEXT  4000   |  O(") CHARACTER            
                                                      O(")
RTORQ                                NEXT  4000   |  O(") CHARACTER            
                                                      O(")
NOTE                                 NEXT  4000   |  O(") CHARACTER            
                                                      O(")

value used for ROWS parameter changed from 64 to 10

Table MOTOR_CALIPER:
  3943 Rows successfully loaded.
  0 Rows not loaded due to data errors.
  0 Rows not loaded because all WHEN clauses were failed.
  0 Rows not loaded because all fields were null.


Space allocated for bind array:                 240120 bytes(10 rows)
Read   buffer bytes: 1048576

Total logical records skipped:          1
Total logical records read:          3943
Total logical records rejected:         0
Total logical records discarded:        0

Run began on Wed Aug 16 09:38:38 2017
Run ended on Wed Aug 16 09:38:43 2017

Elapsed time was:     00:00:04.29
CPU time was:         00:00:00.96
