
SQL*Loader: Release 12.2.0.1.0 - Production on Wed Aug 16 09:51:08 2017

Copyright (c) 1982, 2017, Oracle and/or its affiliates.  All rights reserved.

Control File:   .\CTL\ROTOR_Application_VCdbAttribute_xRef.ctl
Data File:      .\ROTOR_Application_VCdbAttribute_xRef.dsv
  Bad File:     .\BAD\ROTOR_Application_VCdbAttribute_xRef.bad
  Discard File: .\DIS\ROTOR_Application_VCdbAttribute_xRef.dis 
 (Allow all discards)

Number to load: ALL
Number to skip: 1
Errors allowed: 50
Bind array:     64 rows, maximum of 256000 bytes
Continuation:    none specified
Path used:      Conventional

Table MOTOR_ROT_APP_VCDBATTRIB_XREF, loaded from every logical record.
Insert option in effect for this table: REPLACE
TRAILING NULLCOLS option in effect

   Column Name                  Position   Len  Term Encl Datatype
------------------------------ ---------- ----- ---- ---- ---------------------
APPLICATIONID                       FIRST  4000   |  O(") CHARACTER            
                                                      O(")
ATTRIBUTENAME                        NEXT  4000   |  O(") CHARACTER            
                                                      O(")
ATTRIBUTEID                          NEXT  4000   |  O(") CHARACTER            
                                                      O(")

value used for ROWS parameter changed from 64 to 21

Table MOTOR_ROT_APP_VCDBATTRIB_XREF:
  42897 Rows successfully loaded.
  0 Rows not loaded due to data errors.
  0 Rows not loaded because all WHEN clauses were failed.
  0 Rows not loaded because all fields were null.


Space allocated for bind array:                 252126 bytes(21 rows)
Read   buffer bytes: 1048576

Total logical records skipped:          1
Total logical records read:         42897
Total logical records rejected:         0
Total logical records discarded:        0

Run began on Wed Aug 16 09:51:08 2017
Run ended on Wed Aug 16 09:51:45 2017

Elapsed time was:     00:00:36.84
CPU time was:         00:00:01.17
