
SQL*Loader: Release 12.2.0.1.0 - Production on Wed Aug 16 09:47:08 2017

Copyright (c) 1982, 2017, Oracle and/or its affiliates.  All rights reserved.

Control File:   .\CTL\ROTOR.ctl
Data File:      .\ROTOR.dsv
  Bad File:     .\BAD\ROTOR.bad
  Discard File: .\DIS\ROTOR.dis 
 (Allow all discards)

Number to load: ALL
Number to skip: 1
Errors allowed: 50
Bind array:     64 rows, maximum of 256000 bytes
Continuation:    none specified
Path used:      Conventional

Table MOTOR_ROTOR, loaded from every logical record.
Insert option in effect for this table: REPLACE
TRAILING NULLCOLS option in effect

   Column Name                  Position   Len  Term Encl Datatype
------------------------------ ---------- ----- ---- ---- ---------------------
RECNO                               FIRST  4000   |  O(") CHARACTER            
                                                      O(")
SUBMOD                               NEXT  4000   |  O(") CHARACTER            
                                                      O(")
POS                                  NEXT  4000   |  O(") CHARACTER            
                                                      O(")
MAXPAR                               NEXT  4000   |  O(") CHARACTER            
                                                      O(")
NOTP                                 NEXT  4000   |  O(") CHARACTER            
                                                      O(")
RUNOUT                               NEXT  4000   |  O(") CHARACTER            
                                                      O(")
NOTR                                 NEXT  4000   |  O(") CHARACTER            
                                                      O(")
NOMT                                 NEXT  4000   |  O(") CHARACTER            
                                                      O(")
NOTT                                 NEXT  4000   |  O(") CHARACTER            
                                                      O(")
MINMACH                              NEXT  4000   |  O(") CHARACTER            
                                                      O(")
NOTM                                 NEXT  4000   |  O(") CHARACTER            
                                                      O(")
DISCARD                              NEXT  4000   |  O(") CHARACTER            
                                                      O(")
NOTD                                 NEXT  4000   |  O(") CHARACTER            
                                                      O(")
FINISH                               NEXT  4000   |  O(") CHARACTER            
                                                      O(")
NOTF                                 NEXT  4000   |  O(") CHARACTER            
                                                      O(")

value used for ROWS parameter changed from 64 to 4

Table MOTOR_ROTOR:
  6242 Rows successfully loaded.
  0 Rows not loaded due to data errors.
  0 Rows not loaded because all WHEN clauses were failed.
  0 Rows not loaded because all fields were null.


Space allocated for bind array:                 240120 bytes(4 rows)
Read   buffer bytes: 1048576

Total logical records skipped:          1
Total logical records read:          6242
Total logical records rejected:         0
Total logical records discarded:        0

Run began on Wed Aug 16 09:47:08 2017
Run ended on Wed Aug 16 09:47:22 2017

Elapsed time was:     00:00:13.86
CPU time was:         00:00:01.05
