
SQL*Loader: Release 12.2.0.1.0 - Production on Wed Aug 16 09:51:48 2017

Copyright (c) 1982, 2017, Oracle and/or its affiliates.  All rights reserved.

Control File:   .\CTL\WHEEL_Application.ctl
Data File:      .\WHEEL_Application.dsv
  Bad File:     .\BAD\WHEEL_Application.bad
  Discard File: .\DIS\WHEEL_Application.dis 
 (Allow all discards)

Number to load: ALL
Number to skip: 1
Errors allowed: 50
Bind array:     64 rows, maximum of 256000 bytes
Continuation:    none specified
Path used:      Conventional

Table MOTOR_WHEEL_APPLICATION, loaded from every logical record.
Insert option in effect for this table: REPLACE
TRAILING NULLCOLS option in effect

   Column Name                  Position   Len  Term Encl Datatype
------------------------------ ---------- ----- ---- ---- ---------------------
APPLICATIONID                       FIRST  4000   |  O(") CHARACTER            
                                                      O(")
RECNO                                NEXT  4000   |  O(") CHARACTER            
                                                      O(")
BASEVEHICLEID                        NEXT  4000   |  O(") CHARACTER            
                                                      O(")
REGIONID                             NEXT  4000   |  O(") CHARACTER            
                                                      O(")
VEHICLETOENGINECONFIGID              NEXT  4000   |  O(") CHARACTER            
                                                      O(")

value used for ROWS parameter changed from 64 to 12

Table MOTOR_WHEEL_APPLICATION:
  133165 Rows successfully loaded.
  0 Rows not loaded due to data errors.
  0 Rows not loaded because all WHEN clauses were failed.
  0 Rows not loaded because all fields were null.


Space allocated for bind array:                 240120 bytes(12 rows)
Read   buffer bytes: 1048576

Total logical records skipped:          1
Total logical records read:        133165
Total logical records rejected:         0
Total logical records discarded:        0

Run began on Wed Aug 16 09:51:48 2017
Run ended on Wed Aug 16 09:53:32 2017

Elapsed time was:     00:01:44.54
CPU time was:         00:00:02.00
